<?xml version="1.0" encoding="UTF-8" ?>
<testsuite tests="10" failures="0" name="TestRunner" time="0.736" errors="0" skipped="0">
  <properties>
[...]
</properties>
  <testcase classname="| \&quot;1234 0000 6565 0000\&quot; | \&quot;1111\&quot; | \&quot;200\&quot; | \&quot;200\&quot; |" name="Given client insert card \&quot;1234 0000 6565 0000\&quot; into atm" time="0.001"/>
  <testcase classname="| \&quot;1234 0000 6565 0000\&quot; | \&quot;1111\&quot; | \&quot;200\&quot; | \&quot;200\&quot; |" name="And client enter \&quot;1111\&quot; pin" time="0"/>
  <testcase classname="| \&quot;1234 0000 6565 0000\&quot; | \&quot;1111\&quot; | \&quot;200\&quot; | \&quot;200\&quot; |" name="When client try withdraw \&quot;200\&quot; cash" time="0"/>
  <testcase classname="| \&quot;1234 0000 6565 0000\&quot; | \&quot;1111\&quot; | \&quot;200\&quot; | \&quot;200\&quot; |" name="Then client get \&quot;200\&quot; dollars" time="0"/>
  <testcase classname="| \&quot;1234 0000 6565 0000\&quot; | \&quot;1111\&quot; | \&quot;200\&quot; | \&quot;200\&quot; |" name="| \&quot;1234 0000 6565 0000\&quot; | \&quot;1111\&quot; | \&quot;200\&quot; | \&quot;200\&quot; |" time="0.001"/>
  <testcase classname="| \&quot;1234 0000 6565 0000\&quot; | \&quot;1111\&quot; | \&quot;100\&quot; | \&quot;100\&quot; |" name="Given client insert card \&quot;1234 0000 6565 0000\&quot; into atm" time="0.002"/>
  <testcase classname="| \&quot;1234 0000 6565 0000\&quot; | \&quot;1111\&quot; | \&quot;100\&quot; | \&quot;100\&quot; |" name="And client enter \&quot;1111\&quot; pin" time="0"/>
  <testcase classname="| \&quot;1234 0000 6565 0000\&quot; | \&quot;1111\&quot; | \&quot;100\&quot; | \&quot;100\&quot; |" name="When client try withdraw \&quot;100\&quot; cash" time="0"/>
  <testcase classname="| \&quot;1234 0000 6565 0000\&quot; | \&quot;1111\&quot; | \&quot;100\&quot; | \&quot;100\&quot; |" name="Then client get \&quot;100\&quot; dollars" time="0"/>
  <testcase classname="| \&quot;1234 0000 6565 0000\&quot; | \&quot;1111\&quot; | \&quot;100\&quot; | \&quot;100\&quot; |" name="| \&quot;1234 0000 6565 0000\&quot; | \&quot;1111\&quot; | \&quot;100\&quot; | \&quot;100\&quot; |" time="0"/>
</testsuite>